<?xml version="1.0" encoding="UTF-8"?>
<!-- Generated by org.testng.reporters.JUnitReportReporter -->
<testsuite hostname="DESKTOP-LII1ASL" failures="0" tests="6" name="lambdaTestSelenium101.TestCase" time="26.795" errors="0" timestamp="02 Jun 2025 18:02:43 GMT" skipped="0">
  <testcase classname="lambdaTestSelenium101.TestCase" name="TestScenario1" time="5.227"/>
  <testcase classname="lambdaTestSelenium101.TestCase" name="TestScenario3" time="5.646"/>
  <testcase classname="lambdaTestSelenium101.TestCase" name="TestScenario2" time="1.661"/>
  <testcase classname="lambdaTestSelenium101.TestCase" name="TestScenario3" time="7.558"/>
  <testcase classname="lambdaTestSelenium101.TestCase" name="TestScenario1" time="4.041"/>
  <testcase classname="lambdaTestSelenium101.TestCase" name="TestScenario2" time="2.662"/>
</testsuite> <!-- lambdaTestSelenium101.TestCase -->
